

*******************************************************************************
Wed Jun 19 20:03:38 2024


FIT:    data read from "Out.resourcesSVD.data.txt"
        format = z
        #datapoints = 41
        residuals are weighted equally (unit weight)

function used for fitting: f(x)
	f(x) = b + (x/a)**c
fitted parameters initialized with current variable values

iter      chisq       delta/lim  lambda   a             b            
   0 1.3431845279e+04   0.00e+00  3.69e+01    9.000000e+01   1.000000e+00
  11 4.0984762896e-02  -2.94e-02  3.69e-10    7.741095e+02   1.279833e-01

After 11 iterations the fit converged.
final sum of squares of residuals : 0.0409848
rel. change during last iteration : -2.94164e-07

degrees of freedom    (FIT_NDF)                        : 39
rms of residuals      (FIT_STDFIT) = sqrt(WSSR/ndf)    : 0.0324175
variance of residuals (reduced chisquare) = WSSR/ndf   : 0.00105089

Final set of parameters            Asymptotic Standard Error
=======================            ==========================
a               = 774.11           +/- 78.8         (10.18%)
b               = 0.127983         +/- 0.008347     (6.522%)

correlation matrix of the fit parameters:
                a      b      
a               1.000 
b               0.795  1.000 


*******************************************************************************
Wed Jun 19 20:09:39 2024


FIT:    data read from "Out.resourcesSVD.data.txt"
        format = z
        #datapoints = 46
        residuals are weighted equally (unit weight)

function used for fitting: f(x)
	f(x) = b + (x/a)**c
fitted parameters initialized with current variable values

iter      chisq       delta/lim  lambda   a             b            
   0 4.1303934329e+01   0.00e+00  1.38e+00    9.000000e+01   1.000000e+00
   4 4.3836148575e-01  -3.09e-04  1.38e-04    1.081480e+02   2.373734e-01

After 4 iterations the fit converged.
final sum of squares of residuals : 0.438361
rel. change during last iteration : -3.0852e-09

degrees of freedom    (FIT_NDF)                        : 44
rms of residuals      (FIT_STDFIT) = sqrt(WSSR/ndf)    : 0.0998136
variance of residuals (reduced chisquare) = WSSR/ndf   : 0.00996276

Final set of parameters            Asymptotic Standard Error
=======================            ==========================
a               = 108.148          +/- 2.287        (2.115%)
b               = 0.237373         +/- 0.02042      (8.601%)

correlation matrix of the fit parameters:
                a      b      
a               1.000 
b               0.693  1.000 


*******************************************************************************
Wed Jun 19 20:15:39 2024


FIT:    data read from "Out.resourcesSVD.data.txt"
        format = z
        #datapoints = 29
        residuals are weighted equally (unit weight)

function used for fitting: f(x)
	f(x) = b + (x/a)**c
fitted parameters initialized with current variable values

iter      chisq       delta/lim  lambda   a             b            
   0 3.8519854491e+01   0.00e+00  4.05e+00    9.000000e+01   1.000000e+00
   4 1.7883298058e+00  -1.95e-05  4.05e-04    1.044923e+02   4.531120e-01

After 4 iterations the fit converged.
final sum of squares of residuals : 1.78833
rel. change during last iteration : -1.94813e-10

degrees of freedom    (FIT_NDF)                        : 27
rms of residuals      (FIT_STDFIT) = sqrt(WSSR/ndf)    : 0.257361
variance of residuals (reduced chisquare) = WSSR/ndf   : 0.0662344

Final set of parameters            Asymptotic Standard Error
=======================            ==========================
a               = 104.492          +/- 1.886        (1.805%)
b               = 0.453112         +/- 0.06506      (14.36%)

correlation matrix of the fit parameters:
                a      b      
a               1.000 
b               0.679  1.000 


*******************************************************************************
Wed Jun 19 20:16:35 2024


FIT:    data read from "Out.resourcesSVD.data.txt"
        format = z
        #datapoints = 29
        residuals are weighted equally (unit weight)

function used for fitting: f(x)
	f(x) = b + (x/a)**c
fitted parameters initialized with current variable values

iter      chisq       delta/lim  lambda   a             b             c            
   0 3.6724748181e+01   0.00e+00  3.57e+00    9.000000e+01   1.000000e+00   3.000000e+00
   6 7.1179851918e-01  -6.31e-02  3.57e-06    8.445301e+01   9.904751e-02   2.042663e+00

After 6 iterations the fit converged.
final sum of squares of residuals : 0.711799
rel. change during last iteration : -6.31273e-07

degrees of freedom    (FIT_NDF)                        : 26
rms of residuals      (FIT_STDFIT) = sqrt(WSSR/ndf)    : 0.16546
variance of residuals (reduced chisquare) = WSSR/ndf   : 0.0273769

Final set of parameters            Asymptotic Standard Error
=======================            ==========================
a               = 84.453           +/- 4.14         (4.902%)
b               = 0.0990475        +/- 0.07607      (76.8%)
c               = 2.04266          +/- 0.1655       (8.102%)

correlation matrix of the fit parameters:
                a      b      c      
a               1.000 
b               0.891  1.000 
c               0.950  0.783  1.000 


*******************************************************************************
Wed Jun 19 20:18:54 2024


FIT:    data read from "Out.resourcesSVD.data.txt"
        format = z
        #datapoints = 29
        residuals are weighted equally (unit weight)

function used for fitting: f(x)
	f(x) = b + (x/a)**c
fitted parameters initialized with current variable values

Warning: Initial value of parameter 'b' is zero.
iter      chisq       delta/lim  lambda   a             b             c            
   0 5.4701923160e+13   0.00e+00  1.19e+07    1.000000e+00   1.000000e-30   3.000000e+00
BREAK: Singular matrix in Invert_RtR

*******************************************************************************
Wed Jun 19 20:19:31 2024


FIT:    data read from "Out.resourcesSVD.data.txt"
        format = z
        #datapoints = 29
        residuals are weighted equally (unit weight)

function used for fitting: f(x)
	f(x) = b + (x/a)**c
fitted parameters initialized with current variable values

iter      chisq       delta/lim  lambda   a             b             c            
   0 5.4701998512e+13   0.00e+00  1.19e+07    1.000000e+00   1.000000e+00   3.000000e+00
  20 4.5066433072e-01  -4.84e-01  1.19e-13    9.034378e+01   8.199443e-02   1.965945e+00

After 20 iterations the fit converged.
final sum of squares of residuals : 0.450664
rel. change during last iteration : -4.83818e-06

degrees of freedom    (FIT_NDF)                        : 26
rms of residuals      (FIT_STDFIT) = sqrt(WSSR/ndf)    : 0.131656
variance of residuals (reduced chisquare) = WSSR/ndf   : 0.0173332

Final set of parameters            Asymptotic Standard Error
=======================            ==========================
a               = 90.3438          +/- 3.86         (4.273%)
b               = 0.0819944        +/- 0.06254      (76.27%)
c               = 1.96594          +/- 0.153        (7.785%)

correlation matrix of the fit parameters:
                a      b      c      
a               1.000 
b               0.906  1.000 
c               0.936  0.792  1.000 


*******************************************************************************
Wed Jun 19 20:25:09 2024


FIT:    data read from "Out.resourcesSVD.data.txt"
        format = z
        #datapoints = 66
        residuals are weighted equally (unit weight)

function used for fitting: f(x)
	f(x) = b + (x/a)**c
fitted parameters initialized with current variable values

iter      chisq       delta/lim  lambda   a             b             c            
   0 7.9113697970e+13   0.00e+00  9.38e+06    1.000000e+00   1.000000e+00   3.000000e+00
  19 1.6160288297e+00  -2.26e-01  9.38e-13    5.697387e+01   7.987024e-02   1.594554e+00

After 19 iterations the fit converged.
final sum of squares of residuals : 1.61603
rel. change during last iteration : -2.26158e-06

degrees of freedom    (FIT_NDF)                        : 63
rms of residuals      (FIT_STDFIT) = sqrt(WSSR/ndf)    : 0.16016
variance of residuals (reduced chisquare) = WSSR/ndf   : 0.0256513

Final set of parameters            Asymptotic Standard Error
=======================            ==========================
a               = 56.9739          +/- 2.569        (4.508%)
b               = 0.0798702        +/- 0.06475      (81.07%)
c               = 1.59455          +/- 0.07346      (4.607%)

correlation matrix of the fit parameters:
                a      b      c      
a               1.000 
b               0.925  1.000 
c               0.975  0.851  1.000 


*******************************************************************************
Wed Jun 19 20:26:23 2024


FIT:    data read from "Out.resourcesSVD.data.txt"
        format = z
        #datapoints = 66
        residuals are weighted equally (unit weight)

function used for fitting: f(x)
	f(x) = b + (x/a)**c
fitted parameters initialized with current variable values

iter      chisq       delta/lim  lambda   a             b             c            
   0 1.2230306611e+18   0.00e+00  1.57e+09    1.000000e+00   1.000000e-02   4.000000e+00
  24 5.4082104856e+00  -2.95e-02  1.57e-15    5.908650e+01   1.060628e-01   1.673911e+00

After 24 iterations the fit converged.
final sum of squares of residuals : 5.40821
rel. change during last iteration : -2.9457e-07

degrees of freedom    (FIT_NDF)                        : 63
rms of residuals      (FIT_STDFIT) = sqrt(WSSR/ndf)    : 0.292993
variance of residuals (reduced chisquare) = WSSR/ndf   : 0.0858446

Final set of parameters            Asymptotic Standard Error
=======================            ==========================
a               = 59.0865          +/- 4.465        (7.557%)
b               = 0.106063         +/- 0.1124       (106%)
c               = 1.67391          +/- 0.1363       (8.14%)

correlation matrix of the fit parameters:
                a      b      c      
a               1.000 
b               0.918  1.000 
c               0.974  0.841  1.000 


*******************************************************************************
Wed Jun 19 20:34:15 2024


FIT:    data read from "Out.resourcesSVD.data.txt"
        format = z
        #datapoints = 51
        residuals are weighted equally (unit weight)

function used for fitting: f(x)
	f(x) = b + (x/a)**c
fitted parameters initialized with current variable values

iter      chisq       delta/lim  lambda   a             b             c            
   0 2.3602608442e+14   0.00e+00  1.88e+07    1.000000e+00   1.000000e-02   3.000000e+00
1496 7.6893540649e+00  -1.00e+00  1.88e-03    6.837064e-02  -1.927490e+01   4.295126e-01

After 1496 iterations the fit converged.
final sum of squares of residuals : 7.68935
rel. change during last iteration : -9.99762e-06

degrees of freedom    (FIT_NDF)                        : 48
rms of residuals      (FIT_STDFIT) = sqrt(WSSR/ndf)    : 0.400244
variance of residuals (reduced chisquare) = WSSR/ndf   : 0.160195

Final set of parameters            Asymptotic Standard Error
=======================            ==========================
a               = 0.0683706        +/- 1.285        (1879%)
b               = -19.2749         +/- 47.9         (248.5%)
c               = 0.429513         +/- 0.819        (190.7%)

correlation matrix of the fit parameters:
                a      b      c      
a               1.000 
b               1.000  1.000 
c               1.000  1.000  1.000 


*******************************************************************************
Wed Jun 19 20:35:28 2024


FIT:    data read from "Out.resourcesSVD.data.txt"
        format = z
        #datapoints = 101
        residuals are weighted equally (unit weight)

function used for fitting: f(x)
	f(x) = b + (x/a)**c
fitted parameters initialized with current variable values

iter      chisq       delta/lim  lambda   a             b             c            
   0 2.4971238278e+14   0.00e+00  1.36e+07    1.000000e+00   1.000000e-02   3.000000e+00
  19 1.1102701418e+01  -1.30e-04  1.36e-03    1.233996e+01  -3.320576e+00   1.020565e+00

After 19 iterations the fit converged.
final sum of squares of residuals : 11.1027
rel. change during last iteration : -1.30452e-09

degrees of freedom    (FIT_NDF)                        : 98
rms of residuals      (FIT_STDFIT) = sqrt(WSSR/ndf)    : 0.33659
variance of residuals (reduced chisquare) = WSSR/ndf   : 0.113293

Final set of parameters            Asymptotic Standard Error
=======================            ==========================
a               = 12.34            +/- 3.61         (29.25%)
b               = -3.32058         +/- 0.7624       (22.96%)
c               = 1.02056          +/- 0.09766      (9.569%)

correlation matrix of the fit parameters:
                a      b      c      
a               1.000 
b               0.994  1.000 
c               0.999  0.988  1.000 


*******************************************************************************
Wed Jun 19 20:36:46 2024


FIT:    data read from "Out.resourcesSVD.data.txt"
        format = z
        #datapoints = 141
        residuals are weighted equally (unit weight)

function used for fitting: f(x)
	f(x) = b + (x/a)**c
fitted parameters initialized with current variable values

iter      chisq       delta/lim  lambda   a             b             c            
   0 2.4981624749e+14   0.00e+00  1.15e+07    1.000000e+00   1.000000e-02   3.000000e+00
  18 2.1735318027e+01  -7.36e-01  1.15e-11    3.593431e+01   8.977007e-02   1.610469e+00

After 18 iterations the fit converged.
final sum of squares of residuals : 21.7353
rel. change during last iteration : -7.35866e-06

degrees of freedom    (FIT_NDF)                        : 138
rms of residuals      (FIT_STDFIT) = sqrt(WSSR/ndf)    : 0.396866
variance of residuals (reduced chisquare) = WSSR/ndf   : 0.157502

Final set of parameters            Asymptotic Standard Error
=======================            ==========================
a               = 35.9343          +/- 1.758        (4.893%)
b               = 0.0897701        +/- 0.1083       (120.6%)
c               = 1.61047          +/- 0.05272      (3.274%)

correlation matrix of the fit parameters:
                a      b      c      
a               1.000 
b               0.902  1.000 
c               0.990  0.848  1.000 


*******************************************************************************
Wed Jun 19 20:37:36 2024


FIT:    data read from "Out.resourcesSVD.data.txt"
        format = z
        #datapoints = 91
        residuals are weighted equally (unit weight)

function used for fitting: f(x)
	f(x) = b + (x/a)**c
fitted parameters initialized with current variable values

iter      chisq       delta/lim  lambda   a             b             c            
   0 1.4790617402e+13   0.00e+00  3.22e+06    1.000000e+00   1.000000e-02   3.000000e+00
  19 1.0845450209e+00  -3.26e-03  3.22e-13    5.578126e+01   1.310089e-01   1.497312e+00

After 19 iterations the fit converged.
final sum of squares of residuals : 1.08455
rel. change during last iteration : -3.26419e-08

degrees of freedom    (FIT_NDF)                        : 88
rms of residuals      (FIT_STDFIT) = sqrt(WSSR/ndf)    : 0.111015
variance of residuals (reduced chisquare) = WSSR/ndf   : 0.0123244

Final set of parameters            Asymptotic Standard Error
=======================            ==========================
a               = 55.7813          +/- 2.119        (3.798%)
b               = 0.131009         +/- 0.04641      (35.43%)
c               = 1.49731          +/- 0.0798       (5.329%)

correlation matrix of the fit parameters:
                a      b      c      
a               1.000 
b               0.962  1.000 
c               0.955  0.888  1.000 


*******************************************************************************
Wed Jun 19 20:38:42 2024


FIT:    data read from "Out.resourcesSVD.data.txt"
        format = z
        #datapoints = 149
        residuals are weighted equally (unit weight)

function used for fitting: f(x)
	f(x) = b + (x/a)**c
fitted parameters initialized with current variable values

iter      chisq       delta/lim  lambda   a             b             c            
   0 2.4981628485e+14   0.00e+00  1.12e+07    1.000000e+00   1.000000e-02   3.000000e+00
  18 1.8505782085e+01  -9.74e-01  1.12e-11    3.720822e+01   1.086777e-01   1.638042e+00

After 18 iterations the fit converged.
final sum of squares of residuals : 18.5058
rel. change during last iteration : -9.74489e-06

degrees of freedom    (FIT_NDF)                        : 146
rms of residuals      (FIT_STDFIT) = sqrt(WSSR/ndf)    : 0.356022
variance of residuals (reduced chisquare) = WSSR/ndf   : 0.126752

Final set of parameters            Asymptotic Standard Error
=======================            ==========================
a               = 37.2082          +/- 1.381        (3.711%)
b               = 0.108678         +/- 0.07787      (71.66%)
c               = 1.63804          +/- 0.04271      (2.608%)

correlation matrix of the fit parameters:
                a      b      c      
a               1.000 
b               0.861  1.000 
c               0.987  0.794  1.000 


*******************************************************************************
Wed Jun 19 20:40:28 2024


FIT:    data read from "Out.resourcesSVD.data.txt"
        format = z
        #datapoints = 149
        residuals are weighted equally (unit weight)

function used for fitting: f(x)
	f(x) = b + (x/a)**c
fitted parameters initialized with current variable values

iter      chisq       delta/lim  lambda   a             b             c            
   0 2.4981628485e+14   0.00e+00  1.12e+07    1.000000e+00   1.000000e-02   3.000000e+00
  18 1.8505782085e+01  -9.74e-01  1.12e-11    3.720822e+01   1.086777e-01   1.638042e+00

After 18 iterations the fit converged.
final sum of squares of residuals : 18.5058
rel. change during last iteration : -9.74489e-06

degrees of freedom    (FIT_NDF)                        : 146
rms of residuals      (FIT_STDFIT) = sqrt(WSSR/ndf)    : 0.356022
variance of residuals (reduced chisquare) = WSSR/ndf   : 0.126752

Final set of parameters            Asymptotic Standard Error
=======================            ==========================
a               = 37.2082          +/- 1.381        (3.711%)
b               = 0.108678         +/- 0.07787      (71.66%)
c               = 1.63804          +/- 0.04271      (2.608%)

correlation matrix of the fit parameters:
                a      b      c      
a               1.000 
b               0.861  1.000 
c               0.987  0.794  1.000 


*******************************************************************************
Wed Jun 19 20:41:03 2024


FIT:    data read from "Out.resourcesSVD.data.txt"
        format = z
        #datapoints = 15
        residuals are weighted equally (unit weight)

function used for fitting: f(x)
	f(x) = b + (x/a)**c
fitted parameters initialized with current variable values

iter      chisq       delta/lim  lambda   a             b             c            
   0 3.0482874159e+13   0.00e+00  1.24e+07    1.000000e+00   1.000000e-02   3.000000e+00
  21 1.1628504308e-01  -2.55e-05  1.24e-14    1.074716e+02   1.388216e-01   2.281295e+00

After 21 iterations the fit converged.
final sum of squares of residuals : 0.116285
rel. change during last iteration : -2.54958e-10

degrees of freedom    (FIT_NDF)                        : 12
rms of residuals      (FIT_STDFIT) = sqrt(WSSR/ndf)    : 0.0984399
variance of residuals (reduced chisquare) = WSSR/ndf   : 0.00969042

Final set of parameters            Asymptotic Standard Error
=======================            ==========================
a               = 107.472          +/- 3.763        (3.501%)
b               = 0.138822         +/- 0.05583      (40.21%)
c               = 2.28129          +/- 0.2147       (9.413%)

correlation matrix of the fit parameters:
                a      b      c      
a               1.000 
b               0.887  1.000 
c               0.882  0.745  1.000 


*******************************************************************************
Wed Jun 19 20:53:26 2024


FIT:    data read from "Out.resourcesSVD.data.txt"
        format = z
        #datapoints = 30
        residuals are weighted equally (unit weight)

function used for fitting: f(x)
	f(x) = b + (x/a)**c
fitted parameters initialized with current variable values

iter      chisq       delta/lim  lambda   a             b             c            
   0 6.8569142479e+13   0.00e+00  1.32e+07    1.000000e+00   1.000000e-02   3.000000e+00
  20 7.0983330584e-01  -2.38e-02  1.32e-13    8.773693e+01   1.752099e-01   2.183076e+00

After 20 iterations the fit converged.
final sum of squares of residuals : 0.709833
rel. change during last iteration : -2.37515e-07

degrees of freedom    (FIT_NDF)                        : 27
rms of residuals      (FIT_STDFIT) = sqrt(WSSR/ndf)    : 0.162142
variance of residuals (reduced chisquare) = WSSR/ndf   : 0.0262901

Final set of parameters            Asymptotic Standard Error
=======================            ==========================
a               = 87.7369          +/- 3.685        (4.2%)
b               = 0.17521          +/- 0.0692       (39.49%)
c               = 2.18308          +/- 0.1561       (7.15%)

correlation matrix of the fit parameters:
                a      b      c      
a               1.000 
b               0.876  1.000 
c               0.952  0.767  1.000 


*******************************************************************************
Wed Jun 19 20:54:40 2024


FIT:    data read from "Out.resourcesSVD.data.txt"
        format = z
        #datapoints = 30
        residuals are weighted equally (unit weight)

function used for fitting: f(x)
	f(x) = b + (x/a)**c
fitted parameters initialized with current variable values

iter      chisq       delta/lim  lambda   a             b             c            
   0 6.8569146321e+13   0.00e+00  1.32e+07    1.000000e+00   1.000000e-02   3.000000e+00
  20 6.9770158227e-01  -3.63e-02  1.32e-13    8.140385e+01   1.081797e-01   1.855483e+00

After 20 iterations the fit converged.
final sum of squares of residuals : 0.697702
rel. change during last iteration : -3.63424e-07

degrees of freedom    (FIT_NDF)                        : 27
rms of residuals      (FIT_STDFIT) = sqrt(WSSR/ndf)    : 0.160751
variance of residuals (reduced chisquare) = WSSR/ndf   : 0.0258408

Final set of parameters            Asymptotic Standard Error
=======================            ==========================
a               = 81.4039          +/- 4.387        (5.389%)
b               = 0.10818          +/- 0.07867      (72.72%)
c               = 1.85548          +/- 0.1448       (7.805%)

correlation matrix of the fit parameters:
                a      b      c      
a               1.000 
b               0.904  1.000 
c               0.956  0.804  1.000 


*******************************************************************************
Wed Jun 19 20:55:28 2024


FIT:    data read from "Out.resourcesSVD.data.txt"
        format = z
        #datapoints = 46
        residuals are weighted equally (unit weight)

function used for fitting: f(x)
	f(x) = b + (x/a)**c
fitted parameters initialized with current variable values

iter      chisq       delta/lim  lambda   a             b             c            
   0 7.6528233716e+12   0.00e+00  3.26e+06    1.000000e+00   1.000000e-02   3.000000e+00
  20 5.2498029225e-01  -4.23e-11  3.26e+03    8.234058e+01   2.429944e-01   1.992168e+00

After 20 iterations the fit converged.
final sum of squares of residuals : 0.52498
rel. change during last iteration : -4.22958e-16

degrees of freedom    (FIT_NDF)                        : 43
rms of residuals      (FIT_STDFIT) = sqrt(WSSR/ndf)    : 0.110494
variance of residuals (reduced chisquare) = WSSR/ndf   : 0.0122088

Final set of parameters            Asymptotic Standard Error
=======================            ==========================
a               = 82.3406          +/- 2.336        (2.837%)
b               = 0.242994         +/- 0.04591      (18.9%)
c               = 1.99217          +/- 0.2029       (10.18%)

correlation matrix of the fit parameters:
                a      b      c      
a               1.000 
b               0.912  1.000 
c               0.755  0.823  1.000 


*******************************************************************************
Wed Jun 19 20:56:22 2024


FIT:    data read from "Out.resourcesSVD.data.txt"
        format = z
        #datapoints = 111
        residuals are weighted equally (unit weight)

function used for fitting: f(x)
	f(x) = b + (x/a)**c
fitted parameters initialized with current variable values

iter      chisq       delta/lim  lambda   a             b             c            
   0 5.2693386596e+13   0.00e+00  5.71e+06    1.000000e+00   1.000000e-02   3.000000e+00
  19 1.9662148156e+00  -2.26e-11  5.71e+03    5.044241e+01   2.035119e-01   1.689677e+00

After 19 iterations the fit converged.
final sum of squares of residuals : 1.96621
rel. change during last iteration : -2.2586e-16

degrees of freedom    (FIT_NDF)                        : 108
rms of residuals      (FIT_STDFIT) = sqrt(WSSR/ndf)    : 0.134928
variance of residuals (reduced chisquare) = WSSR/ndf   : 0.0182057

Final set of parameters            Asymptotic Standard Error
=======================            ==========================
a               = 50.4424          +/- 1.376        (2.729%)
b               = 0.203512         +/- 0.04161      (20.44%)
c               = 1.68968          +/- 0.04932      (2.919%)

correlation matrix of the fit parameters:
                a      b      c      
a               1.000 
b               0.924  1.000 
c               0.976  0.851  1.000 


*******************************************************************************
Wed Jun 19 20:57:32 2024


FIT:    data read from "Out.resourcesSVD.data.txt"
        format = z
        #datapoints = 131
        residuals are weighted equally (unit weight)

function used for fitting: f(x)
	f(x) = b + (x/a)**c
fitted parameters initialized with current variable values

iter      chisq       delta/lim  lambda   a             b            
   0 1.5438124089e+14   0.00e+00  2.30e+06    1.000000e+00   1.000000e-02
  19 5.6459507945e+01  -1.28e-05  2.30e-13    7.073175e+01   1.366758e+00

After 19 iterations the fit converged.
final sum of squares of residuals : 56.4595
rel. change during last iteration : -1.27582e-10

degrees of freedom    (FIT_NDF)                        : 129
rms of residuals      (FIT_STDFIT) = sqrt(WSSR/ndf)    : 0.661567
variance of residuals (reduced chisquare) = WSSR/ndf   : 0.437671

Final set of parameters            Asymptotic Standard Error
=======================            ==========================
a               = 70.7318          +/- 0.611        (0.8638%)
b               = 1.36676          +/- 0.07934      (5.805%)

correlation matrix of the fit parameters:
                a      b      
a               1.000 
b               0.685  1.000 


*******************************************************************************
Wed Jun 19 20:58:18 2024


FIT:    data read from "Out.resourcesSVD.data.txt"
        format = z
        #datapoints = 29
        residuals are weighted equally (unit weight)

function used for fitting: f(x)
	f(x) = b + (x/a)**c
fitted parameters initialized with current variable values

iter      chisq       delta/lim  lambda   a             b            
   0 5.4701916683e+13   0.00e+00  2.91e+06    1.000000e+00   1.000000e-02
  20 1.8978866659e+00  -4.87e-03  2.91e-14    1.004739e+02   4.849181e-01

After 20 iterations the fit converged.
final sum of squares of residuals : 1.89789
rel. change during last iteration : -4.872e-08

degrees of freedom    (FIT_NDF)                        : 27
rms of residuals      (FIT_STDFIT) = sqrt(WSSR/ndf)    : 0.265127
variance of residuals (reduced chisquare) = WSSR/ndf   : 0.0702921

Final set of parameters            Asymptotic Standard Error
=======================            ==========================
a               = 100.474          +/- 1.661        (1.653%)
b               = 0.484918         +/- 0.06703      (13.82%)

correlation matrix of the fit parameters:
                a      b      
a               1.000 
b               0.679  1.000 


*******************************************************************************
Wed Jun 19 20:59:01 2024


FIT:    data read from "Out.resourcesSVD.data.txt"
        format = z
        #datapoints = 29
        residuals are weighted equally (unit weight)

function used for fitting: f(x)
	f(x) = b + (x/a)**c
fitted parameters initialized with current variable values

iter      chisq       delta/lim  lambda   a             b            
   0 5.4701920627e+13   0.00e+00  2.91e+06    1.000000e+00   1.000000e-02
  20 1.3806835513e+00  -3.87e-03  2.91e-14    9.950165e+01   3.528917e-01

After 20 iterations the fit converged.
final sum of squares of residuals : 1.38068
rel. change during last iteration : -3.86759e-08

degrees of freedom    (FIT_NDF)                        : 27
rms of residuals      (FIT_STDFIT) = sqrt(WSSR/ndf)    : 0.226134
variance of residuals (reduced chisquare) = WSSR/ndf   : 0.0511364

Final set of parameters            Asymptotic Standard Error
=======================            ==========================
a               = 99.5017          +/- 1.363        (1.37%)
b               = 0.352892         +/- 0.05717      (16.2%)

correlation matrix of the fit parameters:
                a      b      
a               1.000 
b               0.679  1.000 


*******************************************************************************
Wed Jun 19 21:16:32 2024


FIT:    data read from "Out.resourcesSVD.data.txt"
        format = z
        #datapoints = 29
        residuals are weighted equally (unit weight)

function used for fitting: f(x)
	f(x) = b + (x/a)**c
fitted parameters initialized with current variable values

iter      chisq       delta/lim  lambda   a             b            
   0 5.4701986580e+13   0.00e+00  2.91e+06    1.000000e+00   1.000000e-02
  21 2.4599512901e-01  -3.83e-04  2.91e-15    1.283358e+02   2.297565e-01

After 21 iterations the fit converged.
final sum of squares of residuals : 0.245995
rel. change during last iteration : -3.83371e-09

degrees of freedom    (FIT_NDF)                        : 27
rms of residuals      (FIT_STDFIT) = sqrt(WSSR/ndf)    : 0.0954512
variance of residuals (reduced chisquare) = WSSR/ndf   : 0.00911093

Final set of parameters            Asymptotic Standard Error
=======================            ==========================
a               = 128.336          +/- 1.592        (1.24%)
b               = 0.229756         +/- 0.02413      (10.5%)

correlation matrix of the fit parameters:
                a      b      
a               1.000 
b               0.679  1.000 


*******************************************************************************
Thu Jun 20 07:50:30 2024


FIT:    data read from "Out.resourcesSVD.data.txt"
        format = z
        #datapoints = 29
        residuals are weighted equally (unit weight)

function used for fitting: f(x)
	f(x) = b + (x/a)**c
fitted parameters initialized with current variable values

iter      chisq       delta/lim  lambda   a             b            
   0 5.4701985291e+13   0.00e+00  2.91e+06    1.000000e+00   1.000000e-02
  21 3.8323288061e-01  -2.11e-04  2.91e-15    1.281041e+02   2.483948e-01

After 21 iterations the fit converged.
final sum of squares of residuals : 0.383233
rel. change during last iteration : -2.11455e-09

degrees of freedom    (FIT_NDF)                        : 27
rms of residuals      (FIT_STDFIT) = sqrt(WSSR/ndf)    : 0.119138
variance of residuals (reduced chisquare) = WSSR/ndf   : 0.0141938

Final set of parameters            Asymptotic Standard Error
=======================            ==========================
a               = 128.104          +/- 1.973        (1.54%)
b               = 0.248395         +/- 0.03012      (12.13%)

correlation matrix of the fit parameters:
                a      b      
a               1.000 
b               0.679  1.000 


*******************************************************************************
Thu Jun 20 07:51:49 2024


FIT:    data read from "Out.resourcesSVD.data.txt"
        format = z
        #datapoints = 29
        residuals are weighted equally (unit weight)

function used for fitting: f(x)
	f(x) = b + (x/a)**c
fitted parameters initialized with current variable values

iter      chisq       delta/lim  lambda   a             b            
   0 3.2956708456e+09   0.00e+00  1.51e+04    1.000000e+00   1.000000e-02
  16 9.7787076424e-02  -7.38e-05  1.51e-12    1.119783e+02   1.203805e-01

After 16 iterations the fit converged.
final sum of squares of residuals : 0.0977871
rel. change during last iteration : -7.37828e-10

degrees of freedom    (FIT_NDF)                        : 27
rms of residuals      (FIT_STDFIT) = sqrt(WSSR/ndf)    : 0.0601809
variance of residuals (reduced chisquare) = WSSR/ndf   : 0.00362174

Final set of parameters            Asymptotic Standard Error
=======================            ==========================
a               = 111.978          +/- 1.143        (1.021%)
b               = 0.120381         +/- 0.01733      (14.4%)

correlation matrix of the fit parameters:
                a      b      
a               1.000 
b               0.764  1.000 


*******************************************************************************
Thu Jun 20 08:08:50 2024


FIT:    data read from "Out.resourcesSVD.data.txt"
        format = z
        #datapoints = 29
        residuals are weighted equally (unit weight)

function used for fitting: f(x)
	f(x) = b + (x/a)**c
fitted parameters initialized with current variable values

iter      chisq       delta/lim  lambda   a             b            
   0 1.0408715219e+01   0.00e+00  2.91e+00    1.000000e+02   1.000000e-01
   5 4.2167791827e-01  -1.95e-04  2.91e-05    1.258729e+02   2.623297e-01

After 5 iterations the fit converged.
final sum of squares of residuals : 0.421678
rel. change during last iteration : -1.95183e-09

degrees of freedom    (FIT_NDF)                        : 27
rms of residuals      (FIT_STDFIT) = sqrt(WSSR/ndf)    : 0.124971
variance of residuals (reduced chisquare) = WSSR/ndf   : 0.0156177

Final set of parameters            Asymptotic Standard Error
=======================            ==========================
a               = 125.873          +/- 1.929        (1.532%)
b               = 0.26233          +/- 0.03159      (12.04%)

correlation matrix of the fit parameters:
                a      b      
a               1.000 
b               0.679  1.000 


*******************************************************************************
Thu Jun 20 08:09:25 2024


FIT:    data read from "Out.resourcesSVD.data.txt"
        format = z
        #datapoints = 29
        residuals are weighted equally (unit weight)

function used for fitting: f(x)
	f(x) = b + (x/a)**c
fitted parameters initialized with current variable values

iter      chisq       delta/lim  lambda   a             b            
   0 2.1730318525e+00   0.00e+00  1.53e+00    1.250000e+02   5.000000e-01
   4 3.4491602829e-01  -8.12e-05  1.53e-04    1.255697e+02   2.554881e-01

After 4 iterations the fit converged.
final sum of squares of residuals : 0.344916
rel. change during last iteration : -8.12039e-10

degrees of freedom    (FIT_NDF)                        : 27
rms of residuals      (FIT_STDFIT) = sqrt(WSSR/ndf)    : 0.113025
variance of residuals (reduced chisquare) = WSSR/ndf   : 0.0127747

Final set of parameters            Asymptotic Standard Error
=======================            ==========================
a               = 125.57           +/- 1.728        (1.376%)
b               = 0.255488         +/- 0.02857      (11.18%)

correlation matrix of the fit parameters:
                a      b      
a               1.000 
b               0.679  1.000 


*******************************************************************************
Thu Jun 20 08:10:02 2024


FIT:    data read from "Out.resourcesSVD.data.txt"
        format = z
        #datapoints = 71
        residuals are weighted equally (unit weight)

function used for fitting: f(x)
	f(x) = b + (x/a)**c
fitted parameters initialized with current variable values

iter      chisq       delta/lim  lambda   a             b            
   0 7.5867413978e+01   0.00e+00  1.47e+00    1.250000e+02   2.500000e-01
   5 8.7246395857e+00  -5.65e-06  1.47e-04    9.771053e+01   5.399342e-01

After 5 iterations the fit converged.
final sum of squares of residuals : 8.72464
rel. change during last iteration : -5.65112e-11

degrees of freedom    (FIT_NDF)                        : 69
rms of residuals      (FIT_STDFIT) = sqrt(WSSR/ndf)    : 0.35559
variance of residuals (reduced chisquare) = WSSR/ndf   : 0.126444

Final set of parameters            Asymptotic Standard Error
=======================            ==========================
a               = 97.7105          +/- 1.31         (1.34%)
b               = 0.539934         +/- 0.05771      (10.69%)

correlation matrix of the fit parameters:
                a      b      
a               1.000 
b               0.682  1.000 


*******************************************************************************
Thu Jun 20 08:13:23 2024


FIT:    data read from "Out.times.txt"
        format = z
        #datapoints = 29
        residuals are weighted equally (unit weight)

function used for fitting: f(x)
	f(x) = b + (x/a)**c
fitted parameters initialized with current variable values

iter      chisq       delta/lim  lambda   a             b            
   0 8.6562459325e+00   0.00e+00  1.50e+00    1.250000e+02   2.500000e-01
   5 6.4842560719e-03  -6.02e-06  1.50e-05    1.637629e+02   5.020211e-02

After 5 iterations the fit converged.
final sum of squares of residuals : 0.00648426
rel. change during last iteration : -6.01591e-11

degrees of freedom    (FIT_NDF)                        : 27
rms of residuals      (FIT_STDFIT) = sqrt(WSSR/ndf)    : 0.015497
variance of residuals (reduced chisquare) = WSSR/ndf   : 0.000240158

Final set of parameters            Asymptotic Standard Error
=======================            ==========================
a               = 163.763          +/- 0.6853       (0.4184%)
b               = 0.0502021        +/- 0.003918     (7.804%)

correlation matrix of the fit parameters:
                a      b      
a               1.000 
b               0.679  1.000 


*******************************************************************************
Thu Jun 20 08:14:07 2024


FIT:    data read from "Out.times.txt"
        format = z
        #datapoints = 29
        residuals are weighted equally (unit weight)

function used for fitting: f(x)
	f(x) = b + (x/a)**c
fitted parameters initialized with current variable values

iter      chisq       delta/lim  lambda   a             b             c            
   0 8.1868225725e+00   0.00e+00  1.24e+00    1.250000e+02   2.500000e-01   3.000000e+00
   5 1.5261508415e-02  -1.53e-04  1.24e-02    1.605427e+02   4.820470e-02   3.020342e+00

After 5 iterations the fit converged.
final sum of squares of residuals : 0.0152615
rel. change during last iteration : -1.53404e-09

degrees of freedom    (FIT_NDF)                        : 26
rms of residuals      (FIT_STDFIT) = sqrt(WSSR/ndf)    : 0.0242277
variance of residuals (reduced chisquare) = WSSR/ndf   : 0.000586981

Final set of parameters            Asymptotic Standard Error
=======================            ==========================
a               = 160.543          +/- 1.229        (0.7658%)
b               = 0.0482047        +/- 0.008455     (17.54%)
c               = 3.02034          +/- 0.1329       (4.401%)

correlation matrix of the fit parameters:
                a      b      c      
a               1.000 
b              -0.021  1.000 
c              -0.599  0.691  1.000 


*******************************************************************************
Thu Jun 20 08:22:37 2024


FIT:    data read from "Out.resourcesSVD.data.txt"
        format = z
        #datapoints = 29
        residuals are weighted equally (unit weight)

function used for fitting: f(x)
	f(x) = b + (x/a)**c
fitted parameters initialized with current variable values

iter      chisq       delta/lim  lambda   a             b             c            
   0 8.5635409725e+00   0.00e+00  1.24e+00    1.250000e+02   2.500000e-01   3.000000e+00
   5 5.0456674440e-03  -3.50e-04  1.24e-05    1.622850e+02   5.311419e-02   3.111445e+00

After 5 iterations the fit converged.
final sum of squares of residuals : 0.00504567
rel. change during last iteration : -3.49917e-09

degrees of freedom    (FIT_NDF)                        : 26
rms of residuals      (FIT_STDFIT) = sqrt(WSSR/ndf)    : 0.0139307
variance of residuals (reduced chisquare) = WSSR/ndf   : 0.000194064

Final set of parameters            Asymptotic Standard Error
=======================            ==========================
a               = 162.285          +/- 0.7628       (0.47%)
b               = 0.0531142        +/- 0.004779     (8.997%)
c               = 3.11144          +/- 0.08178      (2.628%)

correlation matrix of the fit parameters:
                a      b      c      
a               1.000 
b              -0.072  1.000 
c              -0.649  0.684  1.000 


*******************************************************************************
Thu Jun 20 08:22:38 2024


FIT:    data read from "Out.resourcesSVD.multiprocessing.data.txt"
        format = z
        #datapoints = 29
        residuals are weighted equally (unit weight)

function used for fitting: f(x)
	f(x) = b + (x/a)**c
fitted parameters initialized with current variable values

iter      chisq       delta/lim  lambda   a             b             c            
   0 3.6233377254e-01   0.00e+00  1.24e+00    1.250000e+02   2.500000e-01   3.000000e+00
   5 9.5103405577e-02  -2.38e-01  1.24e-05    1.196732e+02   1.080797e-01   2.112967e+00

After 5 iterations the fit converged.
final sum of squares of residuals : 0.0951034
rel. change during last iteration : -2.38006e-06

degrees of freedom    (FIT_NDF)                        : 26
rms of residuals      (FIT_STDFIT) = sqrt(WSSR/ndf)    : 0.0604799
variance of residuals (reduced chisquare) = WSSR/ndf   : 0.00365782

Final set of parameters            Asymptotic Standard Error
=======================            ==========================
a               = 119.673          +/- 2.023        (1.69%)
b               = 0.10808          +/- 0.02704      (25.02%)
c               = 2.11297          +/- 0.1244       (5.888%)

correlation matrix of the fit parameters:
                a      b      c      
a               1.000 
b               0.900  1.000 
c               0.769  0.775  1.000 


*******************************************************************************
Thu Jun 20 08:24:08 2024


FIT:    data read from "Out.resourcesSVD.data.txt"
        format = z
        #datapoints = 29
        residuals are weighted equally (unit weight)

function used for fitting: f(x)
	f(x) = b + (x/a)**c
fitted parameters initialized with current variable values

iter      chisq       delta/lim  lambda   a             b             c            
   0 1.0206307188e-02   0.00e+00  5.76e-01    1.620000e+02   5.000000e-02   3.000000e+00
   4 8.1690123378e-03  -1.50e-05  5.76e-05    1.631213e+02   5.136594e-02   3.039148e+00

After 4 iterations the fit converged.
final sum of squares of residuals : 0.00816901
rel. change during last iteration : -1.50374e-10

degrees of freedom    (FIT_NDF)                        : 26
rms of residuals      (FIT_STDFIT) = sqrt(WSSR/ndf)    : 0.0177255
variance of residuals (reduced chisquare) = WSSR/ndf   : 0.000314193

Final set of parameters            Asymptotic Standard Error
=======================            ==========================
a               = 163.121          +/- 1.013        (0.6212%)
b               = 0.0513659        +/- 0.006164     (12%)
c               = 3.03915          +/- 0.1028       (3.383%)

correlation matrix of the fit parameters:
                a      b      c      
a               1.000 
b              -0.082  1.000 
c              -0.655  0.689  1.000 


*******************************************************************************
Thu Jun 20 08:24:10 2024


FIT:    data read from "Out.resourcesSVD.multiprocessing.data.txt"
        format = z
        #datapoints = 29
        residuals are weighted equally (unit weight)

function used for fitting: f(x)
	f(x) = b + (x/a)**c
fitted parameters initialized with current variable values

iter      chisq       delta/lim  lambda   a             b             c            
   0 7.5813417927e-01   0.00e+00  1.40e+00    1.200000e+02   1.000000e-01   3.000000e+00
   4 1.6241038355e-01  -1.76e-01  1.40e-04    1.178396e+02   8.665628e-02   1.921844e+00

After 4 iterations the fit converged.
final sum of squares of residuals : 0.16241
rel. change during last iteration : -1.75919e-06

degrees of freedom    (FIT_NDF)                        : 26
rms of residuals      (FIT_STDFIT) = sqrt(WSSR/ndf)    : 0.0790351
variance of residuals (reduced chisquare) = WSSR/ndf   : 0.00624655

Final set of parameters            Asymptotic Standard Error
=======================            ==========================
a               = 117.84           +/- 3.017        (2.56%)
b               = 0.0866563        +/- 0.03829      (44.19%)
c               = 1.92184          +/- 0.1543       (8.028%)

correlation matrix of the fit parameters:
                a      b      c      
a               1.000 
b               0.915  1.000 
c               0.788  0.797  1.000 
